
> kun-touchgal-next@1.0.7 build /home/arisu/gal/kun-lycorisgal-next
> next build

[dotenv@17.2.1] injecting env (0) from .env -- tip: 📡 observe env with Radar: https://dotenvx.com/radar
   ▲ Next.js 15.4.8
   - Environments: .env

   Creating an optimized production build ...
Failed to compile.

./app/layout.tsx
Error:   [31mx[0m `ssr: false` is not allowed with `next/dynamic` in Server Components. Please move it into a Client Component.
    ,-[[36;1;4m/home/arisu/gal/kun-lycorisgal-next/app/layout.tsx[0m:12:1]
 [2m 9[0m |     import dynamic from 'next/dynamic'
 [2m10[0m |     import { ENABLE_SNOW } from '~/config/featureFlags'
 [2m11[0m |     
 [2m12[0m | [35;1m,[0m[35;1m-[0m[35;1m>[0m const Snow = dynamic(() => import('~/components/ui/Snow'), {
 [2m13[0m | [35;1m|[0m     ssr: false
 [2m14[0m | [35;1m`[0m[35;1m-[0m[35;1m>[0m })
 [2m15[0m |     
 [2m16[0m |     export default function RootLayout({
 [2m17[0m |       children,
    `----

Import trace for requested module:
./app/layout.tsx


> Build failed because of webpack errors
 ELIFECYCLE  Command failed with exit code 1.

