
> kun-touchgal-next@1.0.7 build /home/arisu/gal/kun-lycorisgal-next
> next build

[dotenv@17.2.1] injecting env (0) from .env -- tip: 📡 observe env with Radar: https://dotenvx.com/radar
   ▲ Next.js 15.4.8
   - Environments: .env

   Creating an optimized production build ...
 ✓ Compiled successfully in 20.0s
   Skipping validation of types
   Skipping linting
   Collecting page data ...
   Generating static pages (0/160) ...
   Generating static pages (40/160) 
   Generating static pages (80/160) 
   Generating static pages (120/160) 
 ✓ Generating static pages (160/160)
   Finalizing page optimization ...
   Collecting build traces ...

Route (app)                                     Size  First Load JS  Revalidate  Expire
┌ ƒ /                                        14.4 kB         271 kB
├ ○ /_not-found                                 1 kB         102 kB
├ ƒ /[id]                                     101 kB         953 kB
├ ○ /admin                                    131 kB         482 kB
├ ƒ /admin/comment                           6.72 kB         264 kB
├ ƒ /admin/creator                           17.1 kB         278 kB
├ ○ /admin/email                             14.1 kB         249 kB          3s      1y
├ ƒ /admin/feedback                          7.12 kB         265 kB
├ ƒ /admin/galgame                           17.8 kB         281 kB
├ ƒ /admin/log                               10.9 kB         230 kB
├ ƒ /admin/report                            7.17 kB         265 kB
├ ƒ /admin/resource                          10.5 kB         367 kB
├ ƒ /admin/setting                           9.21 kB         195 kB
├ ○ /admin/todo                              13.5 kB         192 kB
├ ○ /admin/topic                             13.6 kB         170 kB
├ ƒ /admin/user                              9.81 kB         307 kB
├ ƒ /api/admin/comment                         385 B         101 kB
├ ƒ /api/admin/creator                         385 B         101 kB
├ ƒ /api/admin/creator/approve                 385 B         101 kB
├ ƒ /api/admin/creator/decline                 385 B         101 kB
├ ƒ /api/admin/feedback                        385 B         101 kB
├ ƒ /api/admin/feedback/handle                 385 B         101 kB
├ ƒ /api/admin/galgame                         385 B         101 kB
├ ƒ /api/admin/log                             385 B         101 kB
├ ƒ /api/admin/mail                            385 B         101 kB
├ ƒ /api/admin/report                          385 B         101 kB
├ ƒ /api/admin/report/handle                   385 B         101 kB
├ ƒ /api/admin/resource                        385 B         101 kB
├ ƒ /api/admin/setting/redirect                385 B         101 kB
├ ƒ /api/admin/setting/register                385 B         101 kB
├ ƒ /api/admin/stats                           385 B         101 kB
├ ƒ /api/admin/stats/sum                       385 B         101 kB
├ ƒ /api/admin/todo                            385 B         101 kB
├ ƒ /api/admin/topic                           385 B         101 kB
├ ƒ /api/admin/topic/list                      385 B         101 kB
├ ƒ /api/admin/user                            385 B         101 kB
├ ƒ /api/apply                                 385 B         101 kB
├ ƒ /api/apply/status                          385 B         101 kB
├ ƒ /api/auth/captcha                          385 B         101 kB
├ ƒ /api/auth/check-temp-token                 385 B         101 kB
├ ƒ /api/auth/email-notice                     385 B         101 kB
├ ƒ /api/auth/email-notice/disable             385 B         101 kB
├ ƒ /api/auth/login                            385 B         101 kB
├ ƒ /api/auth/register                         385 B         101 kB
├ ƒ /api/auth/send-register-code               385 B         101 kB
├ ƒ /api/auth/verify-2fa                       385 B         101 kB
├ ƒ /api/comment                               385 B         101 kB
├ ƒ /api/company                               385 B         101 kB
├ ƒ /api/company/all                           385 B         101 kB
├ ƒ /api/company/galgame                       385 B         101 kB
├ ƒ /api/edit                                  385 B         101 kB
├ ƒ /api/edit/duplicate                        385 B         101 kB
├ ƒ /api/forgot/one                            385 B         101 kB
├ ƒ /api/forgot/two                            385 B         101 kB
├ ƒ /api/galgame                               385 B         101 kB
├ ƒ /api/home                                  385 B         101 kB
├ ƒ /api/home/random                           385 B         101 kB
├ ƒ /api/message                               385 B         101 kB
├ ƒ /api/message/all                           385 B         101 kB
├ ƒ /api/message/read                          385 B         101 kB
├ ƒ /api/message/unread                        385 B         101 kB
├ ƒ /api/patch                                 385 B         101 kB
├ ƒ /api/patch/banner                          385 B         101 kB
├ ƒ /api/patch/comment                         385 B         101 kB
├ ƒ /api/patch/comment/like                    385 B         101 kB
├ ƒ /api/patch/comment/markdown                385 B         101 kB
├ ƒ /api/patch/comment/report                  385 B         101 kB
├ ƒ /api/patch/favorite                        385 B         101 kB
├ ƒ /api/patch/feedback                        385 B         101 kB
├ ƒ /api/patch/introduction                    385 B         101 kB
├ ƒ /api/patch/introduction/tag                385 B         101 kB
├ ƒ /api/patch/resource                        385 B         101 kB
├ ƒ /api/patch/resource/download               385 B         101 kB
├ ƒ /api/patch/resource/like                   385 B         101 kB
├ ƒ /api/proxy-image                           385 B         101 kB
├ ƒ /api/resource                              385 B         101 kB
├ ƒ /api/search                                385 B         101 kB
├ ƒ /api/search/company                        385 B         101 kB
├ ƒ /api/search/tag                            385 B         101 kB
├ ƒ /api/spider                                385 B         101 kB
├ ƒ /api/tag                                   385 B         101 kB
├ ƒ /api/tag/all                               385 B         101 kB
├ ƒ /api/tag/galgame                           385 B         101 kB
├ ƒ /api/topic                                 385 B         101 kB
├ ƒ /api/topic/[id]                            385 B         101 kB
├ ƒ /api/topic/comment                         385 B         101 kB
├ ƒ /api/topic/comment/like                    385 B         101 kB
├ ƒ /api/topic/comment/report                  385 B         101 kB
├ ƒ /api/topic/like                            385 B         101 kB
├ ƒ /api/upload/resource                       385 B         101 kB
├ ƒ /api/upload/video                          385 B         101 kB
├ ƒ /api/user/follow/follow                    385 B         101 kB
├ ƒ /api/user/follow/follower                  385 B         101 kB
├ ƒ /api/user/follow/following                 385 B         101 kB
├ ƒ /api/user/follow/unfollow                  385 B         101 kB
├ ƒ /api/user/image                            385 B         101 kB
├ ƒ /api/user/mention/search                   385 B         101 kB
├ ƒ /api/user/profile/comment                  385 B         101 kB
├ ƒ /api/user/profile/favorite                 385 B         101 kB
├ ƒ /api/user/profile/favorite/folder          385 B         101 kB
├ ƒ /api/user/profile/favorite/folder/patch    385 B         101 kB
├ ƒ /api/user/profile/floating                 385 B         101 kB
├ ƒ /api/user/profile/resource                 385 B         101 kB
├ ƒ /api/user/setting/2fa/disable              385 B         101 kB
├ ƒ /api/user/setting/2fa/enable               385 B         101 kB
├ ƒ /api/user/setting/2fa/save-secret          385 B         101 kB
├ ƒ /api/user/setting/2fa/status               385 B         101 kB
├ ƒ /api/user/setting/avatar                   385 B         101 kB
├ ƒ /api/user/setting/bio                      385 B         101 kB
├ ƒ /api/user/setting/email                    385 B         101 kB
├ ƒ /api/user/setting/email-notice             385 B         101 kB
├ ƒ /api/user/setting/password                 385 B         101 kB
├ ƒ /api/user/setting/send-reset-email-code    385 B         101 kB
├ ƒ /api/user/setting/username                 385 B         101 kB
├ ƒ /api/user/status                           385 B         101 kB
├ ƒ /api/user/status/check-in                  385 B         101 kB
├ ƒ /api/user/status/info                      385 B         101 kB
├ ƒ /api/user/status/logout                    385 B         101 kB
├ ƒ /apply                                   13.4 kB         186 kB
├ ○ /apply/pending                           3.02 kB         144 kB
├ ○ /apply/success                           6.21 kB         209 kB
├ ○ /auth/email-notice                         15 kB         172 kB
├ ○ /auth/forgot                             2.95 kB         184 kB
├ ƒ /comment                                 10.4 kB         267 kB
├ ƒ /companies                               9.16 kB         203 kB
├ ƒ /company/[id]                            19.4 kB         301 kB
├ ƒ /debug-code                                385 B         101 kB
├ ○ /doc                                     9.73 kB         154 kB
├ ● /doc/[...slug]                           6.06 kB         217 kB
├   ├ /doc/teach/teachdoc
├   ├ /doc/notice/creator
├   ├ /doc/notice/privacy
├   └ [+8 more paths]
├ ○ /edit                                      385 B         101 kB
├ ○ /edit/create                               33 kB         767 kB
├ ○ /edit/rewrite                              14 kB         723 kB
├ ○ /friend-link                             6.23 kB         181 kB
├ ƒ /galgame                                 2.35 kB         274 kB
├ ○ /login                                   4.62 kB         244 kB
├ ○ /login/2fa                               2.31 kB         199 kB
├ ○ /message                                   385 B         101 kB
├ ƒ /message/follow                            172 B         239 kB
├ ƒ /message/mention                           171 B         239 kB
├ ƒ /message/notice                            172 B         239 kB
├ ƒ /message/system                            171 B         239 kB
├ ○ /redirect                                14.3 kB         174 kB
├ ○ /register                                3.49 kB         255 kB
├ ƒ /resource                                13.9 kB         265 kB
├ ○ /search                                  12.7 kB         270 kB
├ ○ /settings/user                            157 kB         379 kB
├ ƒ /tag                                     7.46 kB         251 kB
├ ƒ /tag/[id]                                15.3 kB         302 kB
├ ○ /todo                                      12 kB         163 kB
├ ƒ /topic                                   13.8 kB         275 kB
├ ƒ /topic/[id]                                212 B         987 kB
├ ○ /topic/create                              210 B         987 kB
├ ○ /user                                      385 B         101 kB
├ ƒ /user/[id]                                 385 B         101 kB
├ ƒ /user/[id]/comment                       10.5 kB         219 kB
├ ƒ /user/[id]/favorite                      11.3 kB         240 kB
└ ƒ /user/[id]/resource                      13.6 kB         205 kB
+ First Load JS shared by all                 101 kB
  ├ chunks/60243396-b7fb911f4a224358.js      54.1 kB
  ├ chunks/880-c10b1933df9d16ab.js           44.3 kB
  └ other shared chunks (total)              2.63 kB


ƒ Middleware                                 32.7 kB

○  (Static)   prerendered as static content
●  (SSG)      prerendered as static HTML (uses generateStaticParams)
ƒ  (Dynamic)  server-rendered on demand


> kun-touchgal-next@1.0.7 postbuild /home/arisu/gal/kun-lycorisgal-next
> esno scripts/postbuild.ts


> kun-touchgal-next@1.0.7 build:sitemap /home/arisu/gal/kun-lycorisgal-next
> esno scripts/generateKunSitemap.ts

✅ Sitemap generated successfully!

Detected non-Windows OS. Using cp command for copying files.

