
> kun-touchgal-next@1.0.7 typecheck /home/arisu/gal/kun-lycorisgal-next
> tsc --noEmit

.next/types/app/(main)/company/[id]/page.ts(30,4): error TS2344: Type 'typeof import("/home/arisu/gal/kun-lycorisgal-next/app/(main)/company/[id]/page")' does not satisfy the constraint '{ default: Function; config?: {} | undefined; generateStaticParams?: Function | undefined; revalidate?: false | 3 | undefined; dynamic?: "error" | "auto" | "force-dynamic" | "force-static" | undefined; ... 9 more ...; experimental_ppr?: boolean | undefined; }'.
  Types of property 'generateMetadata' are incompatible.
    Type 'Metadata' is missing the following properties from type 'Function': apply, call, bind, prototype, and 6 more.
.next/types/app/(main)/debug-code/page.ts(2,24): error TS2306: File '/home/arisu/gal/kun-lycorisgal-next/app/(main)/debug-code/page.tsx' is not a module.
.next/types/app/(main)/debug-code/page.ts(5,29): error TS2306: File '/home/arisu/gal/kun-lycorisgal-next/app/(main)/debug-code/page.tsx' is not a module.
.next/types/app/(main)/tag/[id]/page.ts(30,4): error TS2344: Type 'typeof import("/home/arisu/gal/kun-lycorisgal-next/app/(main)/tag/[id]/page")' does not satisfy the constraint '{ default: Function; config?: {} | undefined; generateStaticParams?: Function | undefined; revalidate?: false | 3 | undefined; dynamic?: "error" | "auto" | "force-dynamic" | "force-static" | undefined; ... 9 more ...; experimental_ppr?: boolean | undefined; }'.
  Types of property 'generateMetadata' are incompatible.
    Type 'Metadata' is missing the following properties from type 'Function': apply, call, bind, prototype, and 6 more.
.next/types/app/api/admin/creator/approve/route.ts(12,13): error TS2344: Type 'OmitWithTag<typeof import("/home/arisu/gal/kun-lycorisgal-next/app/api/admin/creator/approve/route"), "GET" | "runtime" | "POST" | "DELETE" | "HEAD" | "OPTIONS" | "PUT" | "PATCH" | "revalidate" | ... 6 more ... | "maxDuration", "">' does not satisfy the constraint '{ [x: string]: never; }'.
  Property 'approveCreator' is incompatible with index signature.
    Type '(input: z.infer<typeof approveCreatorSchema>, adminUid: number) => Promise<{}>' is not assignable to type 'never'.
.next/types/app/api/admin/creator/decline/route.ts(12,13): error TS2344: Type 'OmitWithTag<typeof import("/home/arisu/gal/kun-lycorisgal-next/app/api/admin/creator/decline/route"), "GET" | "runtime" | "POST" | "DELETE" | "HEAD" | "OPTIONS" | "PUT" | "PATCH" | "revalidate" | ... 6 more ... | "maxDuration", "">' does not satisfy the constraint '{ [x: string]: never; }'.
  Property 'approveCreator' is incompatible with index signature.
    Type '(input: z.infer<typeof declineCreatorSchema>, adminUid: number) => Promise<{}>' is not assignable to type 'never'.
.next/types/app/api/admin/creator/route.ts(12,13): error TS2344: Type 'OmitWithTag<typeof import("/home/arisu/gal/kun-lycorisgal-next/app/api/admin/creator/route"), "POST" | "PATCH" | "DELETE" | "revalidate" | "config" | "generateStaticParams" | "dynamic" | ... 8 more ... | "OPTIONS", "">' does not satisfy the constraint '{ [x: string]: never; }'.
  Property 'getAdminCreator' is incompatible with index signature.
    Type '(input: z.infer<typeof adminPaginationSchema>) => Promise<{ creators: AdminCreator[]; total: number; }>' is not assignable to type 'never'.
.next/types/app/api/admin/feedback/handle/route.ts(12,13): error TS2344: Type 'OmitWithTag<typeof import("/home/arisu/gal/kun-lycorisgal-next/app/api/admin/feedback/handle/route"), "GET" | "runtime" | "POST" | "DELETE" | "HEAD" | "OPTIONS" | "PUT" | "PATCH" | "revalidate" | ... 6 more ... | "maxDuration", "">' does not satisfy the constraint '{ [x: string]: never; }'.
  Property 'handleFeedback' is incompatible with index signature.
    Type '(input: z.infer<typeof adminHandleFeedbackSchema>, adminUid: number) => Promise<{}>' is not assignable to type 'never'.
.next/types/app/api/admin/feedback/route.ts(12,13): error TS2344: Type 'OmitWithTag<typeof import("/home/arisu/gal/kun-lycorisgal-next/app/api/admin/feedback/route"), "GET" | "runtime" | "POST" | "DELETE" | "HEAD" | "OPTIONS" | "PUT" | "PATCH" | "revalidate" | ... 6 more ... | "maxDuration", "">' does not satisfy the constraint '{ [x: string]: never; }'.
  Property 'getFeedback' is incompatible with index signature.
    Type '(input: z.infer<typeof adminPaginationSchema>) => Promise<{ feedbacks: Message[]; total: number; }>' is not assignable to type 'never'.
.next/types/app/api/admin/galgame/route.ts(12,13): error TS2344: Type 'OmitWithTag<typeof import("/home/arisu/gal/kun-lycorisgal-next/app/api/admin/galgame/route"), "POST" | "PATCH" | "DELETE" | "revalidate" | "config" | "generateStaticParams" | "dynamic" | ... 8 more ... | "OPTIONS", "">' does not satisfy the constraint '{ [x: string]: never; }'.
  Property 'getGalgame' is incompatible with index signature.
    Type '(input: z.infer<typeof adminPaginationSchema>, nsfwEnable: Record<string, string | undefined>) => Promise<{ galgames: AdminGalgame[]; total: number; }>' is not assignable to type 'never'.
.next/types/app/api/admin/log/route.ts(12,13): error TS2344: Type 'OmitWithTag<typeof import("/home/arisu/gal/kun-lycorisgal-next/app/api/admin/log/route"), "POST" | "PATCH" | "DELETE" | "revalidate" | "config" | "generateStaticParams" | "dynamic" | "dynamicParams" | ... 7 more ... | "OPTIONS", "">' does not satisfy the constraint '{ [x: string]: never; }'.
  Property 'getLog' is incompatible with index signature.
    Type '(input: z.infer<typeof adminPaginationSchema>) => Promise<{ logs: AdminLog[]; total: number; }>' is not assignable to type 'never'.
.next/types/app/api/admin/mail/route.ts(12,13): error TS2344: Type 'OmitWithTag<typeof import("/home/arisu/gal/kun-lycorisgal-next/app/api/admin/mail/route"), "GET" | "runtime" | "POST" | "DELETE" | "HEAD" | "OPTIONS" | "PUT" | "PATCH" | "revalidate" | "config" | ... 5 more ... | "maxDuration", "">' does not satisfy the constraint '{ [x: string]: never; }'.
  Property 'sendBulkEmail' is incompatible with index signature.
    Type '(input: z.infer<typeof adminSendEmailSchema>, uid: number) => Promise<"未找到该管理员" | { count: number; }>' is not assignable to type 'never'.
.next/types/app/api/admin/report/handle/route.ts(12,13): error TS2344: Type 'OmitWithTag<typeof import("/home/arisu/gal/kun-lycorisgal-next/app/api/admin/report/handle/route"), "GET" | "runtime" | "POST" | "DELETE" | "HEAD" | "OPTIONS" | "PUT" | "PATCH" | "revalidate" | ... 6 more ... | "maxDuration", "">' does not satisfy the constraint '{ [x: string]: never; }'.
  Property 'handleReport' is incompatible with index signature.
    Type '(input: z.infer<typeof adminHandleReportSchema>, adminUid: number) => Promise<{}>' is not assignable to type 'never'.
.next/types/app/api/admin/report/route.ts(12,13): error TS2344: Type 'OmitWithTag<typeof import("/home/arisu/gal/kun-lycorisgal-next/app/api/admin/report/route"), "GET" | "runtime" | "POST" | "DELETE" | "HEAD" | "OPTIONS" | "PUT" | "PATCH" | "revalidate" | ... 6 more ... | "maxDuration", "">' does not satisfy the constraint '{ [x: string]: never; }'.
  Property 'getReport' is incompatible with index signature.
    Type '(input: z.infer<typeof adminPaginationSchema>) => Promise<{ reports: Message[]; total: number; }>' is not assignable to type 'never'.
.next/types/app/api/admin/setting/register/route.ts(12,13): error TS2344: Type 'OmitWithTag<typeof import("/home/arisu/gal/kun-lycorisgal-next/app/api/admin/setting/register/route"), "GET" | "runtime" | "POST" | "DELETE" | "HEAD" | "OPTIONS" | "PUT" | "PATCH" | "revalidate" | ... 6 more ... | "maxDuration", "">' does not satisfy the constraint '{ [x: string]: never; }'.
  Property 'getDisableRegisterStatus' is incompatible with index signature.
    Type '() => Promise<{ disableRegister: boolean; }>' is not assignable to type 'never'.
.next/types/app/api/admin/stats/route.ts(12,13): error TS2344: Type 'OmitWithTag<typeof import("/home/arisu/gal/kun-lycorisgal-next/app/api/admin/stats/route"), "POST" | "PATCH" | "DELETE" | "revalidate" | "config" | "generateStaticParams" | "dynamic" | ... 8 more ... | "OPTIONS", "">' does not satisfy the constraint '{ [x: string]: never; }'.
  Property 'getOverviewData' is incompatible with index signature.
    Type '(days: number) => Promise<OverviewData>' is not assignable to type 'never'.
.next/types/app/api/admin/stats/sum/route.ts(12,13): error TS2344: Type 'OmitWithTag<typeof import("/home/arisu/gal/kun-lycorisgal-next/app/api/admin/stats/sum/route"), "POST" | "PATCH" | "DELETE" | "revalidate" | "config" | "generateStaticParams" | "dynamic" | ... 8 more ... | "OPTIONS", "">' does not satisfy the constraint '{ [x: string]: never; }'.
  Property 'getSumData' is incompatible with index signature.
    Type '() => Promise<SumData>' is not assignable to type 'never'.
.next/types/app/api/apply/route.ts(12,13): error TS2344: Type 'OmitWithTag<typeof import("/home/arisu/gal/kun-lycorisgal-next/app/api/apply/route"), "GET" | "runtime" | "POST" | "DELETE" | "HEAD" | "OPTIONS" | "PUT" | "PATCH" | "revalidate" | "config" | ... 5 more ... | "maxDuration", "">' does not satisfy the constraint '{ [x: string]: never; }'.
  Property 'applyForCreator' is incompatible with index signature.
    Type '(uid: number) => Promise<{}>' is not assignable to type 'never'.
.next/types/app/api/apply/status/route.ts(12,13): error TS2344: Type 'OmitWithTag<typeof import("/home/arisu/gal/kun-lycorisgal-next/app/api/apply/status/route"), "GET" | "runtime" | "POST" | "DELETE" | "HEAD" | "OPTIONS" | "PUT" | "PATCH" | "revalidate" | ... 6 more ... | "maxDuration", "">' does not satisfy the constraint '{ [x: string]: never; }'.
  Property 'getApplyStatus' is incompatible with index signature.
    Type '(uid: number) => Promise<{ count: number; role: number; }>' is not assignable to type 'never'.
.next/types/app/api/auth/email-notice/route.ts(181,7): error TS2344: Type '{ __tag__: "POST"; __return_type__: Promise<"用户未登录" | NextResponse<{}>>; }' does not satisfy the constraint '{ __tag__: "POST"; __return_type__: void | Response | Promise<void | Response>; }'.
  Types of property '__return_type__' are incompatible.
    Type 'Promise<"用户未登录" | NextResponse<{}>>' is not assignable to type 'void | Response | Promise<void | Response>'.
      Type 'Promise<"用户未登录" | NextResponse<{}>>' is not assignable to type 'Promise<void | Response>'.
        Type '"用户未登录" | NextResponse<{}>' is not assignable to type 'void | Response'.
          Type 'string' is not assignable to type 'void | Response'.
.next/types/app/api/auth/login/route.ts(12,13): error TS2344: Type 'OmitWithTag<typeof import("/home/arisu/gal/kun-lycorisgal-next/app/api/auth/login/route"), "POST" | "PATCH" | "DELETE" | "revalidate" | "config" | "generateStaticParams" | "dynamic" | "dynamicParams" | ... 7 more ... | "OPTIONS", "">' does not satisfy the constraint '{ [x: string]: never; }'.
  Property 'login' is incompatible with index signature.
    Type '(input: z.infer<typeof loginSchema>) => Promise<UserState | ({ require2FA: boolean; } & KunUser) | string>' is not assignable to type 'never'.
.next/types/app/api/auth/register/route.ts(12,13): error TS2344: Type 'OmitWithTag<typeof import("/home/arisu/gal/kun-lycorisgal-next/app/api/auth/register/route"), "POST" | "PATCH" | "DELETE" | "revalidate" | "config" | "generateStaticParams" | "dynamic" | ... 8 more ... | "OPTIONS", "">' does not satisfy the constraint '{ [x: string]: never; }'.
  Property 'register' is incompatible with index signature.
    Type '(input: z.infer<typeof registerSchema>, ip: string) => Promise<UserState | "您的验证码无效, 请重新输入" | "您的用户名已经有人注册了, 请修改" | "您的邮箱已经有人注册了, 请修改">' is not assignable to type 'never'.
.next/types/app/api/auth/send-register-code/route.ts(12,13): error TS2344: Type 'OmitWithTag<typeof import("/home/arisu/gal/kun-lycorisgal-next/app/api/auth/send-register-code/route"), "GET" | "runtime" | "POST" | "DELETE" | "HEAD" | "OPTIONS" | "PUT" | "PATCH" | "revalidate" | ... 6 more ... | "maxDuration", "">' does not satisfy the constraint '{ [x: string]: never; }'.
  Property 'sendRegisterCode' is incompatible with index signature.
    Type '(input: z.infer<typeof sendRegisterEmailVerificationCodeSchema>, headers: Headers) => Promise<{}>' is not assignable to type 'never'.
.next/types/app/api/auth/verify-2fa/route.ts(12,13): error TS2344: Type 'OmitWithTag<typeof import("/home/arisu/gal/kun-lycorisgal-next/app/api/auth/verify-2fa/route"), "POST" | "PATCH" | "DELETE" | "revalidate" | "config" | "generateStaticParams" | "dynamic" | ... 8 more ... | "OPTIONS", "">' does not satisfy the constraint '{ [x: string]: never; }'.
  Property 'verifyLogin2FA' is incompatible with index signature.
    Type '(input: z.infer<typeof verifyLogin2FASchema>, tempToken: string, uid: number) => Promise<UserState | "2FA 临时令牌已过期, 时效为 10 分钟" | "用户未启用 2FA" | "验证码无效">' is not assignable to type 'never'.
.next/types/app/api/comment/route.ts(12,13): error TS2344: Type 'OmitWithTag<typeof import("/home/arisu/gal/kun-lycorisgal-next/app/api/comment/route"), "GET" | "runtime" | "POST" | "DELETE" | "HEAD" | "OPTIONS" | "PUT" | "PATCH" | "revalidate" | "config" | ... 5 more ... | "maxDuration", "">' does not satisfy the constraint '{ [x: string]: never; }'.
  Property 'getComment' is incompatible with index signature.
    Type '(input: z.infer<typeof commentSchema>) => Promise<{ comments: PatchComment[]; total: number; }>' is not assignable to type 'never'.
.next/types/app/api/company/all/route.ts(12,13): error TS2344: Type 'OmitWithTag<typeof import("/home/arisu/gal/kun-lycorisgal-next/app/api/company/all/route"), "GET" | "runtime" | "POST" | "DELETE" | "HEAD" | "OPTIONS" | "PUT" | "PATCH" | "revalidate" | "config" | ... 5 more ... | "maxDuration", "">' does not satisfy the constraint '{ [x: string]: never; }'.
  Property 'getCompany' is incompatible with index signature.
    Type '(input: z.infer<typeof getCompanySchema>) => Promise<{ companies: Company[]; total: number; }>' is not assignable to type 'never'.
.next/types/app/api/company/galgame/route.ts(12,13): error TS2344: Type 'OmitWithTag<typeof import("/home/arisu/gal/kun-lycorisgal-next/app/api/company/galgame/route"), "GET" | "runtime" | "POST" | "DELETE" | "HEAD" | "OPTIONS" | "PUT" | "PATCH" | "revalidate" | ... 6 more ... | "maxDuration", "">' does not satisfy the constraint '{ [x: string]: never; }'.
  Property 'getPatchByCompany' is incompatible with index signature.
    Type '(input: z.infer<typeof getPatchByCompanySchema>, nsfwEnable: Record<string, string | undefined>) => Promise<{ galgames: { tags: string[]; uniqueId: string; type: string[]; name: string; id: number; ... 8 more ...; _count: { ...; }; }[]; total: number; }>' is not assignable to type 'never'.
.next/types/app/api/edit/duplicate/route.ts(12,13): error TS2344: Type 'OmitWithTag<typeof import("/home/arisu/gal/kun-lycorisgal-next/app/api/edit/duplicate/route"), "GET" | "runtime" | "POST" | "DELETE" | "HEAD" | "OPTIONS" | "PUT" | "PATCH" | "revalidate" | ... 6 more ... | "maxDuration", "">' does not satisfy the constraint '{ [x: string]: never; }'.
  Property 'duplicate' is incompatible with index signature.
    Type '(input: z.infer<typeof duplicateSchema>) => Promise<{}>' is not assignable to type 'never'.
.next/types/app/api/forgot/one/route.ts(12,13): error TS2344: Type 'OmitWithTag<typeof import("/home/arisu/gal/kun-lycorisgal-next/app/api/forgot/one/route"), "GET" | "runtime" | "POST" | "DELETE" | "HEAD" | "OPTIONS" | "PUT" | "PATCH" | "revalidate" | "config" | ... 5 more ... | "maxDuration", "">' does not satisfy the constraint '{ [x: string]: never; }'.
  Property 'stepOne' is incompatible with index signature.
    Type '(input: z.infer<typeof stepOneSchema>, headers: Headers) => Promise<"用户未找到" | "您发送邮件的频率太快了, 请 60 秒后重试" | undefined>' is not assignable to type 'never'.
.next/types/app/api/forgot/two/route.ts(12,13): error TS2344: Type 'OmitWithTag<typeof import("/home/arisu/gal/kun-lycorisgal-next/app/api/forgot/two/route"), "GET" | "runtime" | "POST" | "DELETE" | "HEAD" | "OPTIONS" | "PUT" | "PATCH" | "revalidate" | "config" | ... 5 more ... | "maxDuration", "">' does not satisfy the constraint '{ [x: string]: never; }'.
  Property 'stepTwo' is incompatible with index signature.
    Type '(input: z.infer<typeof stepTwoSchema>) => Promise<"用户未找到" | "两次密码输入不一致" | "您的邮箱验证码无效" | undefined>' is not assignable to type 'never'.
.next/types/app/api/galgame/route.ts(12,13): error TS2344: Type 'OmitWithTag<typeof import("/home/arisu/gal/kun-lycorisgal-next/app/api/galgame/route"), "GET" | "runtime" | "POST" | "DELETE" | "HEAD" | "OPTIONS" | "PUT" | "PATCH" | "revalidate" | "config" | ... 5 more ... | "maxDuration", "">' does not satisfy the constraint '{ [x: string]: never; }'.
  Property 'getGalgame' is incompatible with index signature.
    Type '(input: z.infer<typeof galgameSchema>, nsfwEnable: Record<string, string | undefined>) => Promise<{ galgames: GalgameCard[]; total: number; }>' is not assignable to type 'never'.
.next/types/app/api/home/random/route.ts(12,13): error TS2344: Type 'OmitWithTag<typeof import("/home/arisu/gal/kun-lycorisgal-next/app/api/home/random/route"), "GET" | "runtime" | "POST" | "DELETE" | "HEAD" | "OPTIONS" | "PUT" | "PATCH" | "revalidate" | "config" | ... 5 more ... | "maxDuration", "">' does not satisfy the constraint '{ [x: string]: never; }'.
  Property 'getRandomUniqueId' is incompatible with index signature.
    Type '(nsfwEnable: Record<string, string | undefined>) => Promise<"未查询到文章" | { uniqueId: string; }>' is not assignable to type 'never'.
.next/types/app/api/home/route.ts(12,13): error TS2344: Type 'OmitWithTag<typeof import("/home/arisu/gal/kun-lycorisgal-next/app/api/home/route"), "POST" | "PATCH" | "DELETE" | "revalidate" | "config" | "generateStaticParams" | "dynamic" | "dynamicParams" | ... 7 more ... | "OPTIONS", "">' does not satisfy the constraint '{ [x: string]: never; }'.
  Property 'getHomeData' is incompatible with index signature.
    Type '(nsfwEnable: Record<string, string | undefined>) => Promise<{ galgames: GalgameCard[]; resources: PatchResource[]; topics: TopicCard[]; }>' is not assignable to type 'never'.
.next/types/app/api/message/all/route.ts(12,13): error TS2344: Type 'OmitWithTag<typeof import("/home/arisu/gal/kun-lycorisgal-next/app/api/message/all/route"), "GET" | "runtime" | "POST" | "DELETE" | "HEAD" | "OPTIONS" | "PUT" | "PATCH" | "revalidate" | "config" | ... 5 more ... | "maxDuration", "">' does not satisfy the constraint '{ [x: string]: never; }'.
  Property 'getMessage' is incompatible with index signature.
    Type '(input: z.infer<typeof getMessageSchema>, uid: number) => Promise<{ messages: Message[]; total: number; }>' is not assignable to type 'never'.
.next/types/app/api/message/read/route.ts(12,13): error TS2344: Type 'OmitWithTag<typeof import("/home/arisu/gal/kun-lycorisgal-next/app/api/message/read/route"), "GET" | "runtime" | "POST" | "DELETE" | "HEAD" | "OPTIONS" | "PUT" | "PATCH" | "revalidate" | ... 6 more ... | "maxDuration", "">' does not satisfy the constraint '{ [x: string]: never; }'.
  Property 'readMessage' is incompatible with index signature.
    Type '(uid: number) => Promise<{}>' is not assignable to type 'never'.
.next/types/app/api/message/route.ts(12,13): error TS2344: Type 'OmitWithTag<typeof import("/home/arisu/gal/kun-lycorisgal-next/app/api/message/route"), "GET" | "runtime" | "POST" | "DELETE" | "HEAD" | "OPTIONS" | "PUT" | "PATCH" | "revalidate" | "config" | ... 5 more ... | "maxDuration", "">' does not satisfy the constraint '{ [x: string]: never; }'.
  Property 'create' is incompatible with index signature.
    Type '(input: z.infer<typeof createMessageSchema>, uid: number) => Promise<{ status: number; type: string; link: string; id: number; created: Date; updated: Date; content: string; sender_id: number | null; recipient_id: number | null; }>' is not assignable to type 'never'.
.next/types/app/api/message/unread/route.ts(12,13): error TS2344: Type 'OmitWithTag<typeof import("/home/arisu/gal/kun-lycorisgal-next/app/api/message/unread/route"), "GET" | "runtime" | "POST" | "DELETE" | "HEAD" | "OPTIONS" | "PUT" | "PATCH" | "revalidate" | ... 6 more ... | "maxDuration", "">' does not satisfy the constraint '{ [x: string]: never; }'.
  Property 'getMessage' is incompatible with index signature.
    Type '(uid: number) => Promise<{ status: number; type: string; link: string; id: number; created: Date; updated: Date; content: string; sender_id: number | null; recipient_id: number | null; } | null>' is not assignable to type 'never'.
.next/types/app/api/patch/banner/route.ts(12,13): error TS2344: Type 'OmitWithTag<typeof import("/home/arisu/gal/kun-lycorisgal-next/app/api/patch/banner/route"), "GET" | "runtime" | "POST" | "DELETE" | "HEAD" | "OPTIONS" | "PUT" | "PATCH" | "revalidate" | ... 6 more ... | "maxDuration", "">' does not satisfy the constraint '{ [x: string]: never; }'.
  Property 'updatePatchBanner' is incompatible with index signature.
    Type '(image: ArrayBuffer, patchId: number) => Promise<{}>' is not assignable to type 'never'.
.next/types/app/api/patch/comment/like/route.ts(12,13): error TS2344: Type 'OmitWithTag<typeof import("/home/arisu/gal/kun-lycorisgal-next/app/api/patch/comment/like/route"), "GET" | "runtime" | "POST" | "DELETE" | "HEAD" | "OPTIONS" | "PUT" | "PATCH" | "revalidate" | ... 6 more ... | "maxDuration", "">' does not satisfy the constraint '{ [x: string]: never; }'.
  Property 'toggleCommentLike' is incompatible with index signature.
    Type '(input: z.infer<typeof commentIdSchema>, uid: number) => Promise<boolean | "未找到评论" | "您不能给自己点赞">' is not assignable to type 'never'.
.next/types/app/api/patch/comment/markdown/route.ts(12,13): error TS2344: Type 'OmitWithTag<typeof import("/home/arisu/gal/kun-lycorisgal-next/app/api/patch/comment/markdown/route"), "GET" | "runtime" | "POST" | "DELETE" | "HEAD" | "OPTIONS" | "PUT" | "PATCH" | "revalidate" | ... 6 more ... | "maxDuration", "">' does not satisfy the constraint '{ [x: string]: never; }'.
  Property 'getCommentMarkdown' is incompatible with index signature.
    Type '(input: z.infer<typeof commentIdSchema>) => Promise<{ content: string; }>' is not assignable to type 'never'.
.next/types/app/api/patch/comment/report/route.ts(12,13): error TS2344: Type 'OmitWithTag<typeof import("/home/arisu/gal/kun-lycorisgal-next/app/api/patch/comment/report/route"), "GET" | "runtime" | "POST" | "DELETE" | "HEAD" | "OPTIONS" | "PUT" | "PATCH" | "revalidate" | ... 6 more ... | "maxDuration", "">' does not satisfy the constraint '{ [x: string]: never; }'.
  Property 'createReport' is incompatible with index signature.
    Type '(input: z.infer<typeof createPatchCommentReportSchema>, uid: number) => Promise<{}>' is not assignable to type 'never'.
.next/types/app/api/patch/favorite/route.ts(12,13): error TS2344: Type 'OmitWithTag<typeof import("/home/arisu/gal/kun-lycorisgal-next/app/api/patch/favorite/route"), "GET" | "runtime" | "POST" | "DELETE" | "HEAD" | "OPTIONS" | "PUT" | "PATCH" | "revalidate" | ... 6 more ... | "maxDuration", "">' does not satisfy the constraint '{ [x: string]: never; }'.
  Property 'togglePatchFavorite' is incompatible with index signature.
    Type '(input: z.infer<typeof togglePatchFavoriteSchema>, uid: number) => Promise<"未找到 Galgame" | "未找到收藏文件夹" | "这不是您的收藏夹" | { added: boolean; }>' is not assignable to type 'never'.
.next/types/app/api/patch/feedback/route.ts(12,13): error TS2344: Type 'OmitWithTag<typeof import("/home/arisu/gal/kun-lycorisgal-next/app/api/patch/feedback/route"), "GET" | "runtime" | "POST" | "DELETE" | "HEAD" | "OPTIONS" | "PUT" | "PATCH" | "revalidate" | ... 6 more ... | "maxDuration", "">' does not satisfy the constraint '{ [x: string]: never; }'.
  Property 'createFeedback' is incompatible with index signature.
    Type '(input: z.infer<typeof createPatchFeedbackSchema>, uid: number) => Promise<{}>' is not assignable to type 'never'.
.next/types/app/api/patch/introduction/route.ts(12,13): error TS2344: Type 'OmitWithTag<typeof import("/home/arisu/gal/kun-lycorisgal-next/app/api/patch/introduction/route"), "POST" | "PATCH" | "DELETE" | "revalidate" | "config" | "generateStaticParams" | "dynamic" | ... 8 more ... | "OPTIONS", "">' does not satisfy the constraint '{ [x: string]: never; }'.
  Property 'getPatchIntroduction' is incompatible with index signature.
    Type '(input: z.infer<typeof uniqueIdSchema>) => Promise<PatchIntroduction | "未找到对应 Galgame">' is not assignable to type 'never'.
.next/types/app/api/patch/introduction/tag/route.ts(12,13): error TS2344: Type 'OmitWithTag<typeof import("/home/arisu/gal/kun-lycorisgal-next/app/api/patch/introduction/tag/route"), "GET" | "runtime" | "POST" | "DELETE" | "HEAD" | "OPTIONS" | "PUT" | "PATCH" | "revalidate" | ... 6 more ... | "maxDuration", "">' does not satisfy the constraint '{ [x: string]: never; }'.
  Property 'handleAddPatchTag' is incompatible with index signature.
    Type '(input: z.infer<typeof patchTagChangeSchema>) => Promise<{}>' is not assignable to type 'never'.
.next/types/app/api/patch/resource/download/route.ts(12,13): error TS2344: Type 'OmitWithTag<typeof import("/home/arisu/gal/kun-lycorisgal-next/app/api/patch/resource/download/route"), "GET" | "runtime" | "POST" | "DELETE" | "HEAD" | "OPTIONS" | "PUT" | "PATCH" | "revalidate" | ... 6 more ... | "maxDuration", "">' does not satisfy the constraint '{ [x: string]: never; }'.
  Property 'downloadStats' is incompatible with index signature.
    Type '(input: z.infer<typeof updatePatchResourceStatsSchema>) => Promise<{}>' is not assignable to type 'never'.
.next/types/app/api/patch/resource/like/route.ts(12,13): error TS2344: Type 'OmitWithTag<typeof import("/home/arisu/gal/kun-lycorisgal-next/app/api/patch/resource/like/route"), "GET" | "runtime" | "POST" | "DELETE" | "HEAD" | "OPTIONS" | "PUT" | "PATCH" | "revalidate" | ... 6 more ... | "maxDuration", "">' does not satisfy the constraint '{ [x: string]: never; }'.
  Property 'toggleResourceLike' is incompatible with index signature.
    Type '(input: z.infer<typeof resourceIdSchema>, uid: number) => Promise<boolean | "您不能给自己点赞" | "未找到资源">' is not assignable to type 'never'.
.next/types/app/api/resource/route.ts(12,13): error TS2344: Type 'OmitWithTag<typeof import("/home/arisu/gal/kun-lycorisgal-next/app/api/resource/route"), "GET" | "runtime" | "POST" | "DELETE" | "HEAD" | "OPTIONS" | "PUT" | "PATCH" | "revalidate" | "config" | ... 5 more ... | "maxDuration", "">' does not satisfy the constraint '{ [x: string]: never; }'.
  Property 'getPatchResource' is incompatible with index signature.
    Type '(input: z.infer<typeof resourceSchema>, nsfwEnable: Record<string, string | undefined>) => Promise<{ resources: PatchResource[]; total: number; }>' is not assignable to type 'never'.
.next/types/app/api/search/company/route.ts(12,13): error TS2344: Type 'OmitWithTag<typeof import("/home/arisu/gal/kun-lycorisgal-next/app/api/search/company/route"), "GET" | "runtime" | "POST" | "DELETE" | "HEAD" | "OPTIONS" | "PUT" | "PATCH" | "revalidate" | ... 6 more ... | "maxDuration", "">' does not satisfy the constraint '{ [x: string]: never; }'.
  Property 'searchCompany' is incompatible with index signature.
    Type '(input: z.infer<typeof searchCompanySchema>) => Promise<{ name: string; id: number; count: number; alias: string[]; type: string; }[]>' is not assignable to type 'never'.
.next/types/app/api/search/route.ts(12,13): error TS2344: Type 'OmitWithTag<typeof import("/home/arisu/gal/kun-lycorisgal-next/app/api/search/route"), "GET" | "runtime" | "POST" | "DELETE" | "HEAD" | "OPTIONS" | "PUT" | "PATCH" | "revalidate" | "config" | ... 5 more ... | "maxDuration", "">' does not satisfy the constraint '{ [x: string]: never; }'.
  Property 'searchGalgame' is incompatible with index signature.
    Type '(input: z.infer<typeof searchSchema>, nsfwEnable: Record<string, string | undefined>) => Promise<{ galgames: GalgameCard[]; total: number; }>' is not assignable to type 'never'.
.next/types/app/api/search/tag/route.ts(12,13): error TS2344: Type 'OmitWithTag<typeof import("/home/arisu/gal/kun-lycorisgal-next/app/api/search/tag/route"), "GET" | "runtime" | "POST" | "DELETE" | "HEAD" | "OPTIONS" | "PUT" | "PATCH" | "revalidate" | "config" | ... 5 more ... | "maxDuration", "">' does not satisfy the constraint '{ [x: string]: never; }'.
  Property 'searchTag' is incompatible with index signature.
    Type '(input: z.infer<typeof searchTagSchema>) => Promise<({ name: string; id: number; count: number; alias: string[]; type: "tag"; } | { name: string; id: number; count: number; alias: string[]; type: "company"; })[]>' is not assignable to type 'never'.
.next/types/app/api/tag/all/route.ts(12,13): error TS2344: Type 'OmitWithTag<typeof import("/home/arisu/gal/kun-lycorisgal-next/app/api/tag/all/route"), "GET" | "runtime" | "POST" | "DELETE" | "HEAD" | "OPTIONS" | "PUT" | "PATCH" | "revalidate" | "config" | ... 5 more ... | "maxDuration", "">' does not satisfy the constraint '{ [x: string]: never; }'.
  Property 'getTag' is incompatible with index signature.
    Type '(input: z.infer<typeof getTagSchema>) => Promise<{ tags: Tag[]; total: number; }>' is not assignable to type 'never'.
.next/types/app/api/tag/galgame/route.ts(12,13): error TS2344: Type 'OmitWithTag<typeof import("/home/arisu/gal/kun-lycorisgal-next/app/api/tag/galgame/route"), "GET" | "runtime" | "POST" | "DELETE" | "HEAD" | "OPTIONS" | "PUT" | "PATCH" | "revalidate" | "config" | ... 5 more ... | "maxDuration", "">' does not satisfy the constraint '{ [x: string]: never; }'.
  Property 'getPatchByTag' is incompatible with index signature.
    Type '(input: z.infer<typeof getPatchByTagSchema>, nsfwEnable: Record<string, string | undefined>) => Promise<{ galgames: { tags: string[]; uniqueId: string; type: string[]; name: string; id: number; ... 8 more ...; _count: { ...; }; }[]; total: number; }>' is not assignable to type 'never'.
.next/types/app/api/tag/route.ts(12,13): error TS2344: Type 'OmitWithTag<typeof import("/home/arisu/gal/kun-lycorisgal-next/app/api/tag/route"), "GET" | "runtime" | "POST" | "DELETE" | "HEAD" | "OPTIONS" | "PUT" | "PATCH" | "revalidate" | "config" | ... 5 more ... | "maxDuration", "">' does not satisfy the constraint '{ [x: string]: never; }'.
  Property 'tagIdSchema' is incompatible with index signature.
    Type 'ZodObject<{ tagId: ZodNumber; }, "strip", ZodTypeAny, { tagId: number; }, { tagId: number; }>' is not assignable to type 'never'.
.next/types/app/api/topic/comment/report/route.ts(12,13): error TS2344: Type 'OmitWithTag<typeof import("/home/arisu/gal/kun-lycorisgal-next/app/api/topic/comment/report/route"), "GET" | "runtime" | "POST" | "DELETE" | "HEAD" | "OPTIONS" | "PUT" | "PATCH" | "revalidate" | ... 6 more ... | "maxDuration", "">' does not satisfy the constraint '{ [x: string]: never; }'.
  Property 'createReport' is incompatible with index signature.
    Type '(input: z.infer<typeof createTopicCommentReportSchema>, uid: number) => Promise<{}>' is not assignable to type 'never'.
.next/types/app/api/upload/video/route.ts(2,24): error TS2306: File '/home/arisu/gal/kun-lycorisgal-next/app/api/upload/video/route.ts' is not a module.
.next/types/app/api/upload/video/route.ts(5,29): error TS2306: File '/home/arisu/gal/kun-lycorisgal-next/app/api/upload/video/route.ts' is not a module.
.next/types/app/api/user/follow/follow/route.ts(12,13): error TS2344: Type 'OmitWithTag<typeof import("/home/arisu/gal/kun-lycorisgal-next/app/api/user/follow/follow/route"), "GET" | "runtime" | "POST" | "DELETE" | "HEAD" | "OPTIONS" | "PUT" | "PATCH" | "revalidate" | ... 6 more ... | "maxDuration", "">' does not satisfy the constraint '{ [x: string]: never; }'.
  Property 'followUser' is incompatible with index signature.
    Type '(uid: number, currentUserUid: number) => Promise<{}>' is not assignable to type 'never'.
.next/types/app/api/user/follow/follower/route.ts(12,13): error TS2344: Type 'OmitWithTag<typeof import("/home/arisu/gal/kun-lycorisgal-next/app/api/user/follow/follower/route"), "GET" | "runtime" | "POST" | "DELETE" | "HEAD" | "OPTIONS" | "PUT" | "PATCH" | "revalidate" | ... 6 more ... | "maxDuration", "">' does not satisfy the constraint '{ [x: string]: never; }'.
  Property 'getUserFollower' is incompatible with index signature.
    Type '(uid: number, currentUserUid: number | undefined) => Promise<UserFollow[]>' is not assignable to type 'never'.
.next/types/app/api/user/follow/following/route.ts(12,13): error TS2344: Type 'OmitWithTag<typeof import("/home/arisu/gal/kun-lycorisgal-next/app/api/user/follow/following/route"), "GET" | "runtime" | "POST" | "DELETE" | "HEAD" | "OPTIONS" | "PUT" | "PATCH" | "revalidate" | ... 6 more ... | "maxDuration", "">' does not satisfy the constraint '{ [x: string]: never; }'.
  Property 'getUserFollowing' is incompatible with index signature.
    Type '(uid: number, currentUserUid: number | undefined) => Promise<UserFollow[]>' is not assignable to type 'never'.
.next/types/app/api/user/follow/unfollow/route.ts(12,13): error TS2344: Type 'OmitWithTag<typeof import("/home/arisu/gal/kun-lycorisgal-next/app/api/user/follow/unfollow/route"), "GET" | "runtime" | "POST" | "DELETE" | "HEAD" | "OPTIONS" | "PUT" | "PATCH" | "revalidate" | ... 6 more ... | "maxDuration", "">' does not satisfy the constraint '{ [x: string]: never; }'.
  Property 'unfollowUser' is incompatible with index signature.
    Type '(uid: number, currentUserUid: number) => Promise<{}>' is not assignable to type 'never'.
.next/types/app/api/user/image/route.ts(12,13): error TS2344: Type 'OmitWithTag<typeof import("/home/arisu/gal/kun-lycorisgal-next/app/api/user/image/route"), "GET" | "runtime" | "POST" | "DELETE" | "HEAD" | "OPTIONS" | "PUT" | "PATCH" | "revalidate" | "config" | ... 5 more ... | "maxDuration", "">' does not satisfy the constraint '{ [x: string]: never; }'.
  Property 'uploadImage' is incompatible with index signature.
    Type '(uid: number, image: ArrayBuffer) => Promise<"用户未找到" | "图片体积过大" | "图片处理或上传失败" | "您今日上传的图片已达到 50 张限额" | { imageLink: string; }>' is not assignable to type 'never'.
.next/types/app/api/user/mention/search/route.ts(12,13): error TS2344: Type 'OmitWithTag<typeof import("/home/arisu/gal/kun-lycorisgal-next/app/api/user/mention/search/route"), "GET" | "runtime" | "POST" | "DELETE" | "HEAD" | "OPTIONS" | "PUT" | "PATCH" | "revalidate" | ... 6 more ... | "maxDuration", "">' does not satisfy the constraint '{ [x: string]: never; }'.
  Property 'searchUser' is incompatible with index signature.
    Type '(input: z.infer<typeof searchUserSchema>) => Promise<KunUser[]>' is not assignable to type 'never'.
.next/types/app/api/user/profile/comment/route.ts(12,13): error TS2344: Type 'OmitWithTag<typeof import("/home/arisu/gal/kun-lycorisgal-next/app/api/user/profile/comment/route"), "GET" | "runtime" | "POST" | "DELETE" | "HEAD" | "OPTIONS" | "PUT" | "PATCH" | "revalidate" | ... 6 more ... | "maxDuration", "">' does not satisfy the constraint '{ [x: string]: never; }'.
  Property 'getUserComment' is incompatible with index signature.
    Type '(input: z.infer<typeof getUserInfoSchema>) => Promise<{ comments: UserComment[]; total: number; }>' is not assignable to type 'never'.
.next/types/app/api/user/profile/favorite/route.ts(12,13): error TS2344: Type 'OmitWithTag<typeof import("/home/arisu/gal/kun-lycorisgal-next/app/api/user/profile/favorite/route"), "GET" | "runtime" | "POST" | "DELETE" | "HEAD" | "OPTIONS" | "PUT" | "PATCH" | "revalidate" | ... 6 more ... | "maxDuration", "">' does not satisfy the constraint '{ [x: string]: never; }'.
  Property 'getUserFavorite' is incompatible with index signature.
    Type '(input: z.infer<typeof getUserInfoSchema>, nsfwEnable: Record<string, string | undefined>) => Promise<{ favorites: never[]; total: number; }>' is not assignable to type 'never'.
.next/types/app/api/user/profile/floating/route.ts(12,13): error TS2344: Type 'OmitWithTag<typeof import("/home/arisu/gal/kun-lycorisgal-next/app/api/user/profile/floating/route"), "GET" | "runtime" | "POST" | "DELETE" | "HEAD" | "OPTIONS" | "PUT" | "PATCH" | "revalidate" | ... 6 more ... | "maxDuration", "">' does not satisfy the constraint '{ [x: string]: never; }'.
  Property 'getUserFloatingProfile' is incompatible with index signature.
    Type '(input: z.infer<typeof uidSchema>, currentUserUid: number) => Promise<"未找到用户" | FloatingCardUser>' is not assignable to type 'never'.
 ELIFECYCLE  Command failed with exit code 2.

